# JRE version: Java(TM) SE Runtime Environment (8.0_92-b14) (build 1.8.0_92-b14)
# Java VM: Java HotSpot(TM) Client VM (25.92-b14 mixed mode windows-x86 )
Heap:
 def new generation   total 39424K, used 25071K [0x05400000, 0x07ec0000, 0x0fea0000)
  eden space 35072K,  65% used [0x05400000, 0x06a82430, 0x07640000)
  from space 4352K,  46% used [0x07640000, 0x07839a68, 0x07a80000)
  to   space 4352K,   0% used [0x07a80000, 0x07a80000, 0x07ec0000)
 tenured generation   total 87424K, used 41604K [0x0fea0000, 0x15400000, 0x25400000)
   the space 87424K,  47% used [0x0fea0000, 0x127412d8, 0x12741400, 0x15400000)
 Metaspace       used 19114K, capacity 19568K, committed 19712K, reserved 19840K
GC Heap History (10 events):
Event: 4369.533 GC heap before
{Heap before GC invocations=188 (full 1):
 def new generation   total 39424K, used 35900K [0x05400000, 0x07ec0000, 0x0fea0000)
  eden space 35072K, 100% used [0x05400000, 0x07640000, 0x07640000)
  from space 4352K,  19% used [0x07a80000, 0x07b4f310, 0x07ec0000)
  to   space 4352K,   0% used [0x07640000, 0x07640000, 0x07a80000)
 tenured generation   total 87424K, used 41602K [0x0fea0000, 0x15400000, 0x25400000)
   the space 87424K,  47% used [0x0fea0000, 0x127409e8, 0x12740a00, 0x15400000)
 Metaspace       used 19108K, capacity 19566K, committed 19712K, reserved 19840K
Event: 4369.535 GC heap after
Heap after GC invocations=189 (full 1):
 def new generation   total 39424K, used 979K [0x05400000, 0x07ec0000, 0x0fea0000)
  eden space 35072K,   0% used [0x05400000, 0x05400000, 0x07640000)
  from space 4352K,  22% used [0x07640000, 0x07734c58, 0x07a80000)
  to   space 4352K,   0% used [0x07a80000, 0x07a80000, 0x07ec0000)
 tenured generation   total 87424K, used 41603K [0x0fea0000, 0x15400000, 0x25400000)
   the space 87424K,  47% used [0x0fea0000, 0x12740d68, 0x12740e00, 0x15400000)
 Metaspace       used 19108K, capacity 19566K, committed 19712K, reserved 19840K
}
Event: 4600.363 GC heap before
{Heap before GC invocations=189 (full 1):
 def new generation   total 39424K, used 36051K [0x05400000, 0x07ec0000, 0x0fea0000)
  eden space 35072K, 100% used [0x05400000, 0x07640000, 0x07640000)
  from space 4352K,  22% used [0x07640000, 0x07734c58, 0x07a80000)
  to   space 4352K,   0% used [0x07a80000, 0x07a80000, 0x07ec0000)
 tenured generation   total 87424K, used 41603K [0x0fea0000, 0x15400000, 0x25400000)
   the space 87424K,  47% used [0x0fea0000, 0x12740d68, 0x12740e00, 0x15400000)
 Metaspace       used 19108K, capacity 19566K, committed 19712K, reserved 19840K
Event: 4600.369 GC heap after
Heap after GC invocations=190 (full 1):
 def new generation   total 39424K, used 1124K [0x05400000, 0x07ec0000, 0x0fea0000)
  eden space 35072K,   0% used [0x05400000, 0x05400000, 0x07640000)
  from space 4352K,  25% used [0x07a80000, 0x07b99338, 0x07ec0000)
  to   space 4352K,   0% used [0x07640000, 0x07640000, 0x07a80000)
 tenured generation   total 87424K, used 41604K [0x0fea0000, 0x15400000, 0x25400000)
   the space 87424K,  47% used [0x0fea0000, 0x127412d8, 0x12741400, 0x15400000)
 Metaspace       used 19108K, capacity 19566K, committed 19712K, reserved 19840K
}
Event: 4789.605 GC heap before
{Heap before GC invocations=190 (full 1):
 def new generation   total 39424K, used 36196K [0x05400000, 0x07ec0000, 0x0fea0000)
  eden space 35072K, 100% used [0x05400000, 0x07640000, 0x07640000)
  from space 4352K,  25% used [0x07a80000, 0x07b99338, 0x07ec0000)
  to   space 4352K,   0% used [0x07640000, 0x07640000, 0x07a80000)
 tenured generation   total 87424K, used 41604K [0x0fea0000, 0x15400000, 0x25400000)
   the space 87424K,  47% used [0x0fea0000, 0x127412d8, 0x12741400, 0x15400000)
 Metaspace       used 19114K, capacity 19568K, committed 19712K, reserved 19840K
Event: 4789.611 GC heap after
Heap after GC invocations=191 (full 1):
 def new generation   total 39424K, used 1262K [0x05400000, 0x07ec0000, 0x0fea0000)
  eden space 35072K,   0% used [0x05400000, 0x05400000, 0x07640000)
  from space 4352K,  29% used [0x07640000, 0x0777ba60, 0x07a80000)
  to   space 4352K,   0% used [0x07a80000, 0x07a80000, 0x07ec0000)
 tenured generation   total 87424K, used 41604K [0x0fea0000, 0x15400000, 0x25400000)
   the space 87424K,  47% used [0x0fea0000, 0x127412d8, 0x12741400, 0x15400000)
 Metaspace       used 19114K, capacity 19568K, committed 19712K, reserved 19840K
}
Event: 4931.662 GC heap before
{Heap before GC invocations=191 (full 1):
 def new generation   total 39424K, used 36334K [0x05400000, 0x07ec0000, 0x0fea0000)
  eden space 35072K, 100% used [0x05400000, 0x07640000, 0x07640000)
  from space 4352K,  29% used [0x07640000, 0x0777ba60, 0x07a80000)
  to   space 4352K,   0% used [0x07a80000, 0x07a80000, 0x07ec0000)
 tenured generation   total 87424K, used 41604K [0x0fea0000, 0x15400000, 0x25400000)
   the space 87424K,  47% used [0x0fea0000, 0x127412d8, 0x12741400, 0x15400000)
 Metaspace       used 19114K, capacity 19568K, committed 19712K, reserved 19840K
Event: 4931.665 GC heap after
Heap after GC invocations=192 (full 1):
 def new generation   total 39424K, used 1328K [0x05400000, 0x07ec0000, 0x0fea0000)
  eden space 35072K,   0% used [0x05400000, 0x05400000, 0x07640000)
  from space 4352K,  30% used [0x07a80000, 0x07bcc1e0, 0x07ec0000)
  to   space 4352K,   0% used [0x07640000, 0x07640000, 0x07a80000)
 tenured generation   total 87424K, used 41604K [0x0fea0000, 0x15400000, 0x25400000)
   the space 87424K,  47% used [0x0fea0000, 0x127412d8, 0x12741400, 0x15400000)
 Metaspace       used 19114K, capacity 19568K, committed 19712K, reserved 19840K
}
Event: 5097.001 GC heap before
{Heap before GC invocations=192 (full 1):
 def new generation   total 39424K, used 36400K [0x05400000, 0x07ec0000, 0x0fea0000)
  eden space 35072K, 100% used [0x05400000, 0x07640000, 0x07640000)
  from space 4352K,  30% used [0x07a80000, 0x07bcc1e0, 0x07ec0000)
  to   space 4352K,   0% used [0x07640000, 0x07640000, 0x07a80000)
 tenured generation   total 87424K, used 41604K [0x0fea0000, 0x15400000, 0x25400000)
   the space 87424K,  47% used [0x0fea0000, 0x127412d8, 0x12741400, 0x15400000)
 Metaspace       used 19114K, capacity 19568K, committed 19712K, reserved 19840K
Event: 5097.010 GC heap after
Heap after GC invocations=193 (full 1):
 def new generation   total 39424K, used 2022K [0x05400000, 0x07ec0000, 0x0fea0000)
  eden space 35072K,   0% used [0x05400000, 0x05400000, 0x07640000)
  from space 4352K,  46% used [0x07640000, 0x07839a68, 0x07a80000)
  to   space 4352K,   0% used [0x07a80000, 0x07a80000, 0x07ec0000)
 tenured generation   total 87424K, used 41604K [0x0fea0000, 0x15400000, 0x25400000)
   the space 87424K,  47% used [0x0fea0000, 0x127412d8, 0x12741400, 0x15400000)
 Metaspace       used 19114K, capacity 19568K, committed 19712K, reserved 19840K
}

